<?xml version="1.0" encoding="UTF-8"?>
<testsuite xmlns:xsi="http://www.w3.org/2001/XMLSchema-instance" xsi:noNamespaceSchemaLocation="https://maven.apache.org/surefire/maven-surefire-plugin/xsd/surefire-test-report.xsd" name="pe.edu.upeu.AlgoritmosTest" time="0.027" tests="14" errors="0" skipped="0" failures="0">
  <properties>
    <property name="java.specification.version" value="17"/>
    <property name="sun.cpu.isalist" value="amd64"/>
    <property name="sun.jnu.encoding" value="Cp1252"/>
    <property name="java.class.path" value="D:\septimo_ciclo\Pruebas y Despliegue del software\Nueva carpeta\PDS2025-Pruebas\PruebasCajaBlanca\target\test-classes;D:\septimo_ciclo\Pruebas y Despliegue del software\Nueva carpeta\PDS2025-Pruebas\PruebasCajaBlanca\target\classes;C:\Users\INTEL\.m2\repository\junit\junit\3.8.1\junit-3.8.1.jar;C:\Users\INTEL\.m2\repository\org\junit\jupiter\junit-jupiter-api\5.10.0\junit-jupiter-api-5.10.0.jar;C:\Users\INTEL\.m2\repository\org\opentest4j\opentest4j\1.3.0\opentest4j-1.3.0.jar;C:\Users\INTEL\.m2\repository\org\junit\platform\junit-platform-commons\1.10.0\junit-platform-commons-1.10.0.jar;C:\Users\INTEL\.m2\repository\org\apiguardian\apiguardian-api\1.1.2\apiguardian-api-1.1.2.jar;C:\Users\INTEL\.m2\repository\org\junit\jupiter\junit-jupiter-engine\5.10.0\junit-jupiter-engine-5.10.0.jar;C:\Users\INTEL\.m2\repository\org\junit\platform\junit-platform-engine\1.10.0\junit-platform-engine-1.10.0.jar;"/>
    <property name="java.vm.vendor" value="Oracle Corporation"/>
    <property name="sun.arch.data.model" value="64"/>
    <property name="user.variant" value=""/>
    <property name="java.vendor.url" value="https://java.oracle.com/"/>
    <property name="user.timezone" value="America/Bogota"/>
    <property name="os.name" value="Windows 11"/>
    <property name="java.vm.specification.version" value="17"/>
    <property name="sun.java.launcher" value="SUN_STANDARD"/>
    <property name="user.country" value="PE"/>
    <property name="sun.boot.library.path" value="C:\Program Files\Java\jdk-17\bin"/>
    <property name="sun.java.command" value="C:\Users\INTEL\AppData\Local\Temp\surefire4169415097730622643\surefirebooter15193417991616588341.jar C:\Users\INTEL\AppData\Local\Temp\surefire4169415097730622643 2025-08-27T15-53-25_050-jvmRun1 surefire5013347886086771451tmp surefire_03205031816254387572tmp"/>
    <property name="jdk.debug" value="release"/>
    <property name="surefire.test.class.path" value="D:\septimo_ciclo\Pruebas y Despliegue del software\Nueva carpeta\PDS2025-Pruebas\PruebasCajaBlanca\target\test-classes;D:\septimo_ciclo\Pruebas y Despliegue del software\Nueva carpeta\PDS2025-Pruebas\PruebasCajaBlanca\target\classes;C:\Users\INTEL\.m2\repository\junit\junit\3.8.1\junit-3.8.1.jar;C:\Users\INTEL\.m2\repository\org\junit\jupiter\junit-jupiter-api\5.10.0\junit-jupiter-api-5.10.0.jar;C:\Users\INTEL\.m2\repository\org\opentest4j\opentest4j\1.3.0\opentest4j-1.3.0.jar;C:\Users\INTEL\.m2\repository\org\junit\platform\junit-platform-commons\1.10.0\junit-platform-commons-1.10.0.jar;C:\Users\INTEL\.m2\repository\org\apiguardian\apiguardian-api\1.1.2\apiguardian-api-1.1.2.jar;C:\Users\INTEL\.m2\repository\org\junit\jupiter\junit-jupiter-engine\5.10.0\junit-jupiter-engine-5.10.0.jar;C:\Users\INTEL\.m2\repository\org\junit\platform\junit-platform-engine\1.10.0\junit-platform-engine-1.10.0.jar;"/>
    <property name="sun.cpu.endian" value="little"/>
    <property name="user.home" value="C:\Users\INTEL"/>
    <property name="user.language" value="es"/>
    <property name="java.specification.vendor" value="Oracle Corporation"/>
    <property name="java.version.date" value="2024-07-16"/>
    <property name="java.home" value="C:\Program Files\Java\jdk-17"/>
    <property name="file.separator" value="\"/>
    <property name="basedir" value="D:\septimo_ciclo\Pruebas y Despliegue del software\Nueva carpeta\PDS2025-Pruebas\PruebasCajaBlanca"/>
    <property name="java.vm.compressedOopsMode" value="Zero based"/>
    <property name="line.separator" value="&#10;"/>
    <property name="java.vm.specification.vendor" value="Oracle Corporation"/>
    <property name="java.specification.name" value="Java Platform API Specification"/>
    <property name="surefire.real.class.path" value="C:\Users\INTEL\AppData\Local\Temp\surefire4169415097730622643\surefirebooter15193417991616588341.jar"/>
    <property name="user.script" value=""/>
    <property name="sun.management.compiler" value="HotSpot 64-Bit Tiered Compilers"/>
    <property name="java.runtime.version" value="17.0.12+8-LTS-286"/>
    <property name="user.name" value="INTEL"/>
    <property name="path.separator" value=";"/>
    <property name="os.version" value="10.0"/>
    <property name="java.runtime.name" value="Java(TM) SE Runtime Environment"/>
    <property name="file.encoding" value="Cp1252"/>
    <property name="java.vm.name" value="Java HotSpot(TM) 64-Bit Server VM"/>
    <property name="localRepository" value="C:\Users\INTEL\.m2\repository"/>
    <property name="java.vendor.url.bug" value="https://bugreport.java.com/bugreport/"/>
    <property name="java.io.tmpdir" value="C:\Users\INTEL\AppData\Local\Temp\"/>
    <property name="java.version" value="17.0.12"/>
    <property name="user.dir" value="D:\septimo_ciclo\Pruebas y Despliegue del software\Nueva carpeta\PDS2025-Pruebas\PruebasCajaBlanca"/>
    <property name="os.arch" value="amd64"/>
    <property name="java.vm.specification.name" value="Java Virtual Machine Specification"/>
    <property name="sun.os.patch.level" value=""/>
    <property name="native.encoding" value="Cp1252"/>
    <property name="java.library.path" value="C:\Program Files\Java\jdk-17\bin;C:\Windows\Sun\Java\bin;C:\Windows\system32;C:\Windows;C:\Program Files\Common Files\Oracle\Java\javapath;C:\Program Files (x86)\Common Files\Oracle\Java\java8path;C:\Program Files (x86)\Common Files\Oracle\Java\javapath;C:\Windows\system32;C:\Windows;C:\Windows\System32\Wbem;C:\Windows\System32\WindowsPowerShell\v1.0\;C:\Windows\System32\OpenSSH\;C:\Program Files\dotnet\;C:\Program Files\Git\cmd;D:\sexto_ciclo\Desarrollo_apps_moviles\proyectos en fluterzzzz\flutter\bin;C:\apache-maven\apache-maven-3.8.8-bin\apache-maven-3.8.8\bin;C:\Program Files\nodejs\;d:\sexto_ciclo\Desarrollo_apps_moviles\cursor\resources\app\bin;C:\Program Files\NVIDIA Corporation\NVIDIA App\NvDLISR;C:\Users\INTEL\.console-ninja\.bin;C:\Users\INTEL\AppData\Local\Programs\Python\Launcher\;C:\Users\INTEL\AppData\Local\Microsoft\WindowsApps;C:\Users\INTEL\.dotnet\tools;D:\sextoo ciclooooo awaw\ingenieria de software 1\Microsoft VS Code\bin;C:\Users\INTEL\AppData\Roaming\npm;D:\sexto_ciclo\Desarrollo_apps_moviles\cursor\resources\app\bin;C:\Users\INTEL\AppData\Roaming\Microsoft\Windows\Start Menu\Programs\Python 3.13;C:\Users\INTEL\AppData\Local\Programs\Python\Python313;C:\Users\INTEL\AppData\Local\Programs\Python\Python313\Scripts;C:\Users\INTEL\.gradle;;."/>
    <property name="java.vm.info" value="mixed mode, sharing"/>
    <property name="java.vendor" value="Oracle Corporation"/>
    <property name="java.vm.version" value="17.0.12+8-LTS-286"/>
    <property name="sun.io.unicode.encoding" value="UnicodeLittle"/>
    <property name="java.class.version" value="61.0"/>
  </properties>
  <testcase name="testMajorityElement_TodosIguales" classname="pe.edu.upeu.AlgoritmosTest" time="0.009"/>
  <testcase name="testSumaDosNumeros" classname="pe.edu.upeu.AlgoritmosTest" time="0"/>
  <testcase name="testSumaDosNumeros2" classname="pe.edu.upeu.AlgoritmosTest" time="0.001"/>
  <testcase name="testSumaDosNumeros3" classname="pe.edu.upeu.AlgoritmosTest" time="0"/>
  <testcase name="testSumaDosNumeros4" classname="pe.edu.upeu.AlgoritmosTest" time="0"/>
  <testcase name="testMajorityElement_ArregloVacio" classname="pe.edu.upeu.AlgoritmosTest" time="0.001"/>
  <testcase name="testMajorityElement_ArregloUnElemento" classname="pe.edu.upeu.AlgoritmosTest" time="0.001"/>
  <testcase name="testMajorityElement_VerificacionRobustez" classname="pe.edu.upeu.AlgoritmosTest" time="0.001"/>
  <testcase name="testMajorityElement_ArregloGrande" classname="pe.edu.upeu.AlgoritmosTest" time="0"/>
  <testcase name="testMajorityElement_CasoBasico1" classname="pe.edu.upeu.AlgoritmosTest" time="0.001"/>
  <testcase name="testMajorityElement_CasoBasico2" classname="pe.edu.upeu.AlgoritmosTest" time="0"/>
  <testcase name="testMajorityElement_ConNegativos" classname="pe.edu.upeu.AlgoritmosTest" time="0"/>
  <testcase name="testMajorityElement_ArregloNull" classname="pe.edu.upeu.AlgoritmosTest" time="0.001"/>
  <testcase name="testMajorityElement_ArregloMediano" classname="pe.edu.upeu.AlgoritmosTest" time="0"/>
</testsuite>